                      :-) GROMACS - gmx mdrun, 2020.1 (-:

                            GROMACS is written by:
     Emile Apol      Rossen Apostolov      Paul Bauer     Herman J.C. Berendsen
    Par Bjelkmar      Christian Blau   Viacheslav Bolnykh     Kevin Boyd    
 Aldert van Buuren   Rudi van Drunen     Anton Feenstra       Alan Gray     
  Gerrit Groenhof     Anca Hamuraru    Vincent Hindriksen  M. Eric Irrgang  
  Aleksei Iupinov   Christoph Junghans     Joe Jordan     Dimitrios Karkoulis
    Peter Kasson        Jiri Kraus      Carsten Kutzner      Per Larsson    
  Justin A. Lemkul    Viveca Lindahl    Magnus Lundborg     Erik Marklund   
    Pascal Merz     Pieter Meulenhoff    Teemu Murtola       Szilard Pall   
    Sander Pronk      Roland Schulz      Michael Shirts    Alexey Shvetsov  
   Alfons Sijbers     Peter Tieleman      Jon Vincent      Teemu Virolainen 
 Christian Wennberg    Maarten Wolf      Artem Zhmurov   
                           and the project leaders:
        Mark Abraham, Berk Hess, Erik Lindahl, and David van der Spoel

Copyright (c) 1991-2000, University of Groningen, The Netherlands.
Copyright (c) 2001-2019, The GROMACS development team at
Uppsala University, Stockholm University and
the Royal Institute of Technology, Sweden.
check out http://www.gromacs.org for more information.

GROMACS is free software; you can redistribute it and/or modify it
under the terms of the GNU Lesser General Public License
as published by the Free Software Foundation; either version 2.1
of the License, or (at your option) any later version.

GROMACS:      gmx mdrun, version 2020.1
Executable:   /opt/gromacs/2020.1_nompi/bin/gmx
Data prefix:  /opt/gromacs/2020.1_nompi
Working dir:  /home/_shared/_projects/gmx_template_for_nmr/GMX_run
Process ID:   10255
Command line:
  gmx mdrun -npme 0 -nb gpu -pme gpu -pmefft gpu -notunepme -ntomp 20 -deffnm 2_equil

GROMACS version:    2020.1
Verified release checksum is 5cde61b9d46b24153ba84f499c996612640b965eff9a218f8f5e561f94ff4e43
Precision:          single
Memory model:       64 bit
MPI library:        thread_mpi
OpenMP support:     enabled (GMX_OPENMP_MAX_THREADS = 64)
GPU support:        CUDA
SIMD instructions:  AVX2_256
FFT library:        fftw-3.3.8-sse2-avx-avx2-avx2_128
RDTSCP usage:       enabled
TNG support:        enabled
Hwloc support:      hwloc-1.11.6
Tracing support:    disabled
C compiler:         /usr/bin/cc GNU 7.4.0
C compiler flags:   -mavx2 -mfma -fexcess-precision=fast -funroll-all-loops -fopenmp
C++ compiler:       /usr/bin/c++ GNU 7.4.0
C++ compiler flags: -mavx2 -mfma -fexcess-precision=fast -funroll-all-loops -fopenmp
CUDA compiler:      /usr/local/cuda-10.2/bin/nvcc nvcc: NVIDIA (R) Cuda compiler driver;Copyright (c) 2005-2019 NVIDIA Corporation;Built on Wed_Oct_23_19:24:38_PDT_2019;Cuda compilation tools, release 10.2, V10.2.89
CUDA compiler flags:-std=c++14;-gencode;arch=compute_30,code=sm_30;-gencode;arch=compute_35,code=sm_35;-gencode;arch=compute_37,code=sm_37;-gencode;arch=compute_50,code=sm_50;-gencode;arch=compute_52,code=sm_52;-gencode;arch=compute_60,code=sm_60;-gencode;arch=compute_61,code=sm_61;-gencode;arch=compute_70,code=sm_70;-gencode;arch=compute_35,code=compute_35;-gencode;arch=compute_50,code=compute_50;-gencode;arch=compute_52,code=compute_52;-gencode;arch=compute_60,code=compute_60;-gencode;arch=compute_61,code=compute_61;-gencode;arch=compute_70,code=compute_70;-gencode;arch=compute_75,code=compute_75;-use_fast_math;-D_FORCE_INLINES;-mavx2 -mfma -fexcess-precision=fast -funroll-all-loops -fopenmp
CUDA driver:        10.20
CUDA runtime:       10.20


Running on 1 node with total 40 cores, 40 logical cores, 1 compatible GPU
Hardware detected:
  CPU info:
    Vendor: Intel
    Brand:  Intel(R) Xeon(R) CPU E5-2630 v4 @ 2.20GHz
    Family: 6   Model: 79   Stepping: 1
    Features: aes apic avx avx2 clfsh cmov cx8 cx16 f16c fma hle htt intel lahf mmx msr nonstop_tsc pcid pclmuldq pdcm pdpe1gb popcnt pse rdrnd rdtscp rtm sse2 sse3 sse4.1 sse4.2 ssse3 tdt x2apic
  Hardware topology: Only logical processor count
  GPU info:
    Number of GPUs detected: 1
    #0: NVIDIA GeForce RTX 2080 Ti, compute cap.: 7.5, ECC:  no, stat: compatible


++++ PLEASE READ AND CITE THE FOLLOWING REFERENCE ++++
M. J. Abraham, T. Murtola, R. Schulz, S. Páll, J. C. Smith, B. Hess, E.
Lindahl
GROMACS: High performance molecular simulations through multi-level
parallelism from laptops to supercomputers
SoftwareX 1 (2015) pp. 19-25
-------- -------- --- Thank You --- -------- --------


++++ PLEASE READ AND CITE THE FOLLOWING REFERENCE ++++
S. Páll, M. J. Abraham, C. Kutzner, B. Hess, E. Lindahl
Tackling Exascale Software Challenges in Molecular Dynamics Simulations with
GROMACS
In S. Markidis & E. Laure (Eds.), Solving Software Challenges for Exascale 8759 (2015) pp. 3-27
-------- -------- --- Thank You --- -------- --------


++++ PLEASE READ AND CITE THE FOLLOWING REFERENCE ++++
S. Pronk, S. Páll, R. Schulz, P. Larsson, P. Bjelkmar, R. Apostolov, M. R.
Shirts, J. C. Smith, P. M. Kasson, D. van der Spoel, B. Hess, and E. Lindahl
GROMACS 4.5: a high-throughput and highly parallel open source molecular
simulation toolkit
Bioinformatics 29 (2013) pp. 845-54
-------- -------- --- Thank You --- -------- --------


++++ PLEASE READ AND CITE THE FOLLOWING REFERENCE ++++
B. Hess and C. Kutzner and D. van der Spoel and E. Lindahl
GROMACS 4: Algorithms for highly efficient, load-balanced, and scalable
molecular simulation
J. Chem. Theory Comput. 4 (2008) pp. 435-447
-------- -------- --- Thank You --- -------- --------


++++ PLEASE READ AND CITE THE FOLLOWING REFERENCE ++++
D. van der Spoel, E. Lindahl, B. Hess, G. Groenhof, A. E. Mark and H. J. C.
Berendsen
GROMACS: Fast, Flexible and Free
J. Comp. Chem. 26 (2005) pp. 1701-1719
-------- -------- --- Thank You --- -------- --------


++++ PLEASE READ AND CITE THE FOLLOWING REFERENCE ++++
E. Lindahl and B. Hess and D. van der Spoel
GROMACS 3.0: A package for molecular simulation and trajectory analysis
J. Mol. Mod. 7 (2001) pp. 306-317
-------- -------- --- Thank You --- -------- --------


++++ PLEASE READ AND CITE THE FOLLOWING REFERENCE ++++
H. J. C. Berendsen, D. van der Spoel and R. van Drunen
GROMACS: A message-passing parallel molecular dynamics implementation
Comp. Phys. Comm. 91 (1995) pp. 43-56
-------- -------- --- Thank You --- -------- --------


++++ PLEASE CITE THE DOI FOR THIS VERSION OF GROMACS ++++
https://doi.org/10.5281/zenodo.3685919
-------- -------- --- Thank You --- -------- --------

Input Parameters:
   integrator                     = md
   tinit                          = 0
   dt                             = 0.0005
   nsteps                         = 200000
   init-step                      = 0
   simulation-part                = 1
   comm-mode                      = Linear
   nstcomm                        = 100
   bd-fric                        = 0
   ld-seed                        = -1875190818
   emtol                          = 100
   emstep                         = 0.01
   niter                          = 20
   fcstep                         = 0
   nstcgsteep                     = 1000
   nbfgscorr                      = 10
   rtpi                           = 0.05
   nstxout                        = 0
   nstvout                        = 0
   nstfout                        = 0
   nstlog                         = 1000
   nstcalcenergy                  = 100
   nstenergy                      = 1000
   nstxout-compressed             = 5000
   compressed-x-precision         = 1000
   cutoff-scheme                  = Verlet
   nstlist                        = 10
   pbc                            = xyz
   periodic-molecules             = false
   verlet-buffer-tolerance        = 0.005
   rlist                          = 1.05
   coulombtype                    = PME
   coulomb-modifier               = None
   rcoulomb-switch                = 0
   rcoulomb                       = 1.05
   epsilon-r                      = 1
   epsilon-rf                     = inf
   vdw-type                       = Cut-off
   vdw-modifier                   = None
   rvdw-switch                    = 1.05
   rvdw                           = 1.05
   DispCorr                       = EnerPres
   table-extension                = 1
   fourierspacing                 = 0.12
   fourier-nx                     = 256
   fourier-ny                     = 256
   fourier-nz                     = 256
   pme-order                      = 4
   ewald-rtol                     = 1e-05
   ewald-rtol-lj                  = 0.001
   lj-pme-comb-rule               = Geometric
   ewald-geometry                 = 0
   epsilon-surface                = 0
   tcoupl                         = V-rescale
   nsttcouple                     = 10
   nh-chain-length                = 0
   print-nose-hoover-chain-variables = false
   pcoupl                         = Berendsen
   pcoupltype                     = Isotropic
   nstpcouple                     = 10
   tau-p                          = 1
   compressibility (3x3):
      compressibility[    0]={ 4.46000e-05,  0.00000e+00,  0.00000e+00}
      compressibility[    1]={ 0.00000e+00,  4.46000e-05,  0.00000e+00}
      compressibility[    2]={ 0.00000e+00,  0.00000e+00,  4.46000e-05}
   ref-p (3x3):
      ref-p[    0]={ 1.00000e+00,  0.00000e+00,  0.00000e+00}
      ref-p[    1]={ 0.00000e+00,  1.00000e+00,  0.00000e+00}
      ref-p[    2]={ 0.00000e+00,  0.00000e+00,  1.00000e+00}
   refcoord-scaling               = All
   posres-com (3):
      posres-com[0]= 0.00000e+00
      posres-com[1]= 0.00000e+00
      posres-com[2]= 0.00000e+00
   posres-comB (3):
      posres-comB[0]= 0.00000e+00
      posres-comB[1]= 0.00000e+00
      posres-comB[2]= 0.00000e+00
   QMMM                           = false
   QMconstraints                  = 0
   QMMMscheme                     = 0
   MMChargeScaleFactor            = 1
qm-opts:
   ngQM                           = 0
   constraint-algorithm           = Lincs
   continuation                   = false
   Shake-SOR                      = false
   shake-tol                      = 0.0001
   lincs-order                    = 4
   lincs-iter                     = 8
   lincs-warnangle                = 30
   nwall                          = 0
   wall-type                      = 9-3
   wall-r-linpot                  = -1
   wall-atomtype[0]               = -1
   wall-atomtype[1]               = -1
   wall-density[0]                = 0
   wall-density[1]                = 0
   wall-ewald-zfac                = 3
   pull                           = false
   awh                            = false
   rotation                       = false
   interactiveMD                  = false
   disre                          = No
   disre-weighting                = Conservative
   disre-mixed                    = false
   dr-fc                          = 1000
   dr-tau                         = 0
   nstdisreout                    = 100
   orire-fc                       = 0
   orire-tau                      = 0
   nstorireout                    = 100
   free-energy                    = no
   cos-acceleration               = 0
   deform (3x3):
      deform[    0]={ 0.00000e+00,  0.00000e+00,  0.00000e+00}
      deform[    1]={ 0.00000e+00,  0.00000e+00,  0.00000e+00}
      deform[    2]={ 0.00000e+00,  0.00000e+00,  0.00000e+00}
   simulated-tempering            = false
   swapcoords                     = no
   userint1                       = 0
   userint2                       = 0
   userint3                       = 0
   userint4                       = 0
   userreal1                      = 0
   userreal2                      = 0
   userreal3                      = 0
   userreal4                      = 0
   applied-forces:
     electric-field:
       x:
         E0                       = 0
         omega                    = 0
         t0                       = 0
         sigma                    = 0
       y:
         E0                       = 0
         omega                    = 0
         t0                       = 0
         sigma                    = 0
       z:
         E0                       = 0
         omega                    = 0
         t0                       = 0
         sigma                    = 0
     density-guided-simulation:
       active                     = false
       group                      = protein
       similarity-measure         = inner-product
       atom-spreading-weight      = unity
       force-constant             = 1e+09
       gaussian-transform-spreading-width = 0.2
       gaussian-transform-spreading-range-in-multiples-of-width = 4
       reference-density-filename = reference.mrc
       nst                        = 1
       normalize-densities        = true
       adaptive-force-scaling     = false
       adaptive-force-scaling-time-constant = 4
grpopts:
   nrdf:  2.07744e+06
   ref-t:         298
   tau-t:           1
annealing:          No
annealing-npoints:           0
   acc:	           0           0           0
   nfreeze:           N           N           N
   energygrp-flags[  0]: 0

Changing nstlist from 10 to 100, rlist from 1.05 to 1.075

1 GPU selected for this run.
Mapping of GPU IDs to the 2 GPU tasks in the 1 rank on this node:
  PP:0,PME:0
PP tasks will do (non-perturbed) short-ranged interactions on the GPU
PP task will update and constrain coordinates on the CPUPME tasks will do all aspects on the GPU
Using 1 MPI thread

Non-default thread affinity set, disabling internal thread affinity

Using 20 OpenMP threads 

System total charge: 0.000
Will do PME sum in reciprocal space for electrostatic interactions.

++++ PLEASE READ AND CITE THE FOLLOWING REFERENCE ++++
U. Essmann, L. Perera, M. L. Berkowitz, T. Darden, H. Lee and L. G. Pedersen 
A smooth particle mesh Ewald method
J. Chem. Phys. 103 (1995) pp. 8577-8592
-------- -------- --- Thank You --- -------- --------

Using a Gaussian width (1/beta) of 0.336171 nm for Ewald
Potential shift: LJ r^-12: 0.000e+00 r^-6: 0.000e+00, Ewald -0.000e+00
Initialized non-bonded Coulomb Ewald tables, spacing: 9.56e-04 size: 1100

Generated table with 1037 data points for 1-4 COUL.
Tabscale = 500 points/nm
Generated table with 1037 data points for 1-4 LJ6.
Tabscale = 500 points/nm
Generated table with 1037 data points for 1-4 LJ12.
Tabscale = 500 points/nm

Using GPU 8x8 nonbonded short-range kernels

Using a dual 8x8 pair-list setup updated with dynamic, rolling pruning:
  outer list: updated every 100 steps, buffer 0.025 nm, rlist 1.075 nm
  inner list: updated every  62 steps, buffer 0.001 nm, rlist 1.051 nm
At tolerance 0.005 kJ/mol/ps per atom, equivalent classical 1x1 list would be:
  outer list: updated every 100 steps, buffer 0.112 nm, rlist 1.162 nm
  inner list: updated every  62 steps, buffer 0.062 nm, rlist 1.112 nm

Using full Lennard-Jones parameter combination matrix

Long Range LJ corr.: <C6> 2.9078e-04

Removing pbc first time

Initializing LINear Constraint Solver

++++ PLEASE READ AND CITE THE FOLLOWING REFERENCE ++++
B. Hess and H. Bekker and H. J. C. Berendsen and J. G. E. M. Fraaije
LINCS: A Linear Constraint Solver for molecular simulations
J. Comp. Chem. 18 (1997) pp. 1463-1472
-------- -------- --- Thank You --- -------- --------

The number of constraints is 25751

++++ PLEASE READ AND CITE THE FOLLOWING REFERENCE ++++
S. Miyamoto and P. A. Kollman
SETTLE: An Analytical Version of the SHAKE and RATTLE Algorithms for Rigid
Water Models
J. Comp. Chem. 13 (1992) pp. 952-962
-------- -------- --- Thank You --- -------- --------


++++ PLEASE READ AND CITE THE FOLLOWING REFERENCE ++++
G. Bussi, D. Donadio and M. Parrinello
Canonical sampling through velocity rescaling
J. Chem. Phys. 126 (2007) pp. 014101
-------- -------- --- Thank You --- -------- --------

There are: 1038142 Atoms

Constraining the starting coordinates (step 0)

Constraining the coordinates at t0-dt (step 0)
Center of mass motion removal mode is Linear
We have the following groups for center of mass motion removal:
  0:  System
RMS relative constraint deviation after constraining: 4.79e-06
Initial temperature: 298.974 K

Started mdrun on rank 0 Mon Dec 12 17:00:33 2022

           Step           Time
              0        0.00000

   Energies (kJ/mol)
          Angle    Proper Dih.  Improper Dih.          LJ-14     Coulomb-14
    2.22852e+04    7.04133e+04    6.28214e+02    2.25302e+04   -1.41188e+04
        LJ (SR)  Disper. corr.   Coulomb (SR)   Coul. recip. Position Rest.
    2.64721e+06   -2.85029e+04   -1.81835e+07    1.77538e+05    8.33969e+03
      Potential    Kinetic En.   Total Energy  Conserved En.    Temperature
   -1.52772e+07    2.58206e+06   -1.26951e+07   -1.26934e+07    2.98974e+02
 Pres. DC (bar) Pressure (bar)   Constr. rmsd
   -4.75866e+01   -1.94466e+03    5.00223e-06

           Step           Time
           1000        0.50000

   Energies (kJ/mol)
          Angle    Proper Dih.  Improper Dih.          LJ-14     Coulomb-14
    3.91108e+04    7.57124e+04    1.82938e+03    2.62133e+04   -9.27596e+03
        LJ (SR)  Disper. corr.   Coulomb (SR)   Coul. recip. Position Rest.
    2.28464e+06   -2.95413e+04   -1.66058e+07    1.67558e+05    1.05693e+04
      Potential    Kinetic En.   Total Energy  Conserved En.    Temperature
   -1.40390e+07    1.74344e+06   -1.22956e+07   -1.26949e+07    2.01871e+02
 Pres. DC (bar) Pressure (bar)   Constr. rmsd
   -5.11173e+01   -1.39169e+03    4.94013e-06

           Step           Time
           2000        1.00000

   Energies (kJ/mol)
          Angle    Proper Dih.  Improper Dih.          LJ-14     Coulomb-14
    4.11552e+04    7.63873e+04    1.95905e+03    2.68052e+04   -8.95731e+03
        LJ (SR)  Disper. corr.   Coulomb (SR)   Coul. recip. Position Rest.
    2.23985e+06   -3.03596e+04   -1.65209e+07    1.53944e+05    1.12130e+04
      Potential    Kinetic En.   Total Energy  Conserved En.    Temperature
   -1.40089e+07    1.98851e+06   -1.20204e+07   -1.26966e+07    2.30248e+02
 Pres. DC (bar) Pressure (bar)   Constr. rmsd
   -5.39882e+01   -1.11468e+03    4.89847e-06

           Step           Time
           3000        1.50000

   Energies (kJ/mol)
          Angle    Proper Dih.  Improper Dih.          LJ-14     Coulomb-14
    4.37402e+04    7.74339e+04    2.18476e+03    2.73931e+04   -8.89929e+03
        LJ (SR)  Disper. corr.   Coulomb (SR)   Coul. recip. Position Rest.
    2.19071e+06   -3.10927e+04   -1.64207e+07    1.47508e+05    1.18430e+04
      Potential    Kinetic En.   Total Energy  Conserved En.    Temperature
   -1.39598e+07    2.13203e+06   -1.18278e+07   -1.26980e+07    2.46866e+02
 Pres. DC (bar) Pressure (bar)   Constr. rmsd
   -5.66271e+01   -1.00669e+03    4.93574e-06

           Step           Time
           4000        2.00000

   Energies (kJ/mol)
          Angle    Proper Dih.  Improper Dih.          LJ-14     Coulomb-14
    4.54360e+04    7.82850e+04    2.37703e+03    2.78379e+04   -8.61689e+03
        LJ (SR)  Disper. corr.   Coulomb (SR)   Coul. recip. Position Rest.
    2.14852e+06   -3.17829e+04   -1.63405e+07    1.42786e+05    1.24887e+04
      Potential    Kinetic En.   Total Energy  Conserved En.    Temperature
   -1.39232e+07    2.23334e+06   -1.16898e+07   -1.26994e+07    2.58596e+02
 Pres. DC (bar) Pressure (bar)   Constr. rmsd
   -5.91691e+01   -9.22393e+02    4.89106e-06

           Step           Time
           5000        2.50000

   Energies (kJ/mol)
          Angle    Proper Dih.  Improper Dih.          LJ-14     Coulomb-14
    4.72689e+04    7.86939e+04    2.44681e+03    2.78877e+04   -8.67387e+03
        LJ (SR)  Disper. corr.   Coulomb (SR)   Coul. recip. Position Rest.
    2.12151e+06   -3.24302e+04   -1.62930e+07    1.40426e+05    1.32953e+04
      Potential    Kinetic En.   Total Energy  Conserved En.    Temperature
   -1.39026e+07    2.31336e+06   -1.15893e+07   -1.27006e+07    2.67862e+02
 Pres. DC (bar) Pressure (bar)   Constr. rmsd
   -6.16037e+01   -8.45201e+02    4.83553e-06

           Step           Time
           6000        3.00000

   Energies (kJ/mol)
          Angle    Proper Dih.  Improper Dih.          LJ-14     Coulomb-14
    4.81656e+04    7.91940e+04    2.42880e+03    2.82696e+04   -8.36114e+03
        LJ (SR)  Disper. corr.   Coulomb (SR)   Coul. recip. Position Rest.
    2.08954e+06   -3.30492e+04   -1.62414e+07    1.36886e+05    1.44351e+04
      Potential    Kinetic En.   Total Energy  Conserved En.    Temperature
   -1.38839e+07    2.36600e+06   -1.15179e+07   -1.27020e+07    2.73957e+02
 Pres. DC (bar) Pressure (bar)   Constr. rmsd
   -6.39780e+01   -8.24734e+02    4.81150e-06

           Step           Time
           7000        3.50000

   Energies (kJ/mol)
          Angle    Proper Dih.  Improper Dih.          LJ-14     Coulomb-14
    4.96793e+04    7.90760e+04    2.51476e+03    2.84103e+04   -8.10471e+03
        LJ (SR)  Disper. corr.   Coulomb (SR)   Coul. recip. Position Rest.
    2.07157e+06   -3.36408e+04   -1.62170e+07    1.34793e+05    1.56376e+04
      Potential    Kinetic En.   Total Energy  Conserved En.    Temperature
   -1.38770e+07    2.41072e+06   -1.14663e+07   -1.27032e+07    2.79135e+02
 Pres. DC (bar) Pressure (bar)   Constr. rmsd
   -6.62889e+01   -7.72638e+02    4.81621e-06

           Step           Time
           8000        4.00000

   Energies (kJ/mol)
          Angle    Proper Dih.  Improper Dih.          LJ-14     Coulomb-14
    5.04381e+04    7.97778e+04    2.65841e+03    2.88229e+04   -8.02547e+03
        LJ (SR)  Disper. corr.   Coulomb (SR)   Coul. recip. Position Rest.
    2.05021e+06   -3.42123e+04   -1.62016e+07    1.32293e+05    1.66727e+04
      Potential    Kinetic En.   Total Energy  Conserved En.    Temperature
   -1.38830e+07    2.44596e+06   -1.14370e+07   -1.27043e+07    2.83216e+02
 Pres. DC (bar) Pressure (bar)   Constr. rmsd
   -6.85600e+01   -7.31971e+02    4.78787e-06

           Step           Time
           9000        4.50000

   Energies (kJ/mol)
          Angle    Proper Dih.  Improper Dih.          LJ-14     Coulomb-14
    5.11337e+04    8.04130e+04    2.84315e+03    2.85882e+04   -8.49611e+03
        LJ (SR)  Disper. corr.   Coulomb (SR)   Coul. recip. Position Rest.
    2.03904e+06   -3.47555e+04   -1.61916e+07    1.30158e+05    1.82083e+04
      Potential    Kinetic En.   Total Energy  Conserved En.    Temperature
   -1.38845e+07    2.47214e+06   -1.14124e+07   -1.27053e+07    2.86247e+02
 Pres. DC (bar) Pressure (bar)   Constr. rmsd
   -7.07547e+01   -7.13743e+02    4.71206e-06

           Step           Time
          10000        5.00000

   Energies (kJ/mol)
          Angle    Proper Dih.  Improper Dih.          LJ-14     Coulomb-14
    5.24752e+04    7.99599e+04    2.82496e+03    2.88771e+04   -8.52538e+03
        LJ (SR)  Disper. corr.   Coulomb (SR)   Coul. recip. Position Rest.
    2.02741e+06   -3.52783e+04   -1.61886e+07    1.27670e+05    1.94224e+04
      Potential    Kinetic En.   Total Energy  Conserved En.    Temperature
   -1.38937e+07    2.49174e+06   -1.14020e+07   -1.27063e+07    2.88517e+02
 Pres. DC (bar) Pressure (bar)   Constr. rmsd
   -7.28994e+01   -6.59040e+02    4.76440e-06

           Step           Time
          11000        5.50000

   Energies (kJ/mol)
          Angle    Proper Dih.  Improper Dih.          LJ-14     Coulomb-14
    5.25208e+04    8.04248e+04    2.86831e+03    2.91346e+04   -7.84703e+03
        LJ (SR)  Disper. corr.   Coulomb (SR)   Coul. recip. Position Rest.
    2.02157e+06   -3.57784e+04   -1.62014e+07    1.25768e+05    2.00269e+04
      Potential    Kinetic En.   Total Energy  Conserved En.    Temperature
   -1.39127e+07    2.51090e+06   -1.14018e+07   -1.27073e+07    2.90735e+02
 Pres. DC (bar) Pressure (bar)   Constr. rmsd
   -7.49806e+01   -5.93072e+02    4.69758e-06

           Step           Time
          12000        6.00000

   Energies (kJ/mol)
          Angle    Proper Dih.  Improper Dih.          LJ-14     Coulomb-14
    5.33929e+04    8.11384e+04    2.94188e+03    2.92367e+04   -8.35726e+03
        LJ (SR)  Disper. corr.   Coulomb (SR)   Coul. recip. Position Rest.
    2.02268e+06   -3.62620e+04   -1.62234e+07    1.23879e+05    2.17290e+04
      Potential    Kinetic En.   Total Energy  Conserved En.    Temperature
   -1.39331e+07    2.52717e+06   -1.14059e+07   -1.27083e+07    2.92618e+02
 Pres. DC (bar) Pressure (bar)   Constr. rmsd
   -7.70214e+01   -5.43774e+02    4.71048e-06

           Step           Time
          13000        6.50000

   Energies (kJ/mol)
          Angle    Proper Dih.  Improper Dih.          LJ-14     Coulomb-14
    5.37717e+04    8.08651e+04    2.89036e+03    2.93201e+04   -8.23635e+03
        LJ (SR)  Disper. corr.   Coulomb (SR)   Coul. recip. Position Rest.
    2.01540e+06   -3.67198e+04   -1.62300e+07    1.21152e+05    2.31758e+04
      Potential    Kinetic En.   Total Energy  Conserved En.    Temperature
   -1.39484e+07    2.53860e+06   -1.14098e+07   -1.27091e+07    2.93942e+02
 Pres. DC (bar) Pressure (bar)   Constr. rmsd
   -7.89783e+01   -5.41515e+02    4.66643e-06

           Step           Time
          14000        7.00000

   Energies (kJ/mol)
          Angle    Proper Dih.  Improper Dih.          LJ-14     Coulomb-14
    5.36417e+04    8.10270e+04    2.88859e+03    2.95139e+04   -7.52908e+03
        LJ (SR)  Disper. corr.   Coulomb (SR)   Coul. recip. Position Rest.
    2.00554e+06   -3.71629e+04   -1.62438e+07    1.19105e+05    2.46901e+04
      Potential    Kinetic En.   Total Energy  Conserved En.    Temperature
   -1.39721e+07    2.55094e+06   -1.14211e+07   -1.27098e+07    2.95371e+02
 Pres. DC (bar) Pressure (bar)   Constr. rmsd
   -8.08961e+01   -5.26882e+02    4.61006e-06

           Step           Time
          15000        7.50000

   Energies (kJ/mol)
          Angle    Proper Dih.  Improper Dih.          LJ-14     Coulomb-14
    5.47762e+04    8.10548e+04    2.82676e+03    2.96983e+04   -8.06975e+03
        LJ (SR)  Disper. corr.   Coulomb (SR)   Coul. recip. Position Rest.
    2.00062e+06   -3.75899e+04   -1.62643e+07    1.17422e+05    2.57967e+04
      Potential    Kinetic En.   Total Energy  Conserved En.    Temperature
   -1.39977e+07    2.55744e+06   -1.14403e+07   -1.27105e+07    2.96124e+02
 Pres. DC (bar) Pressure (bar)   Constr. rmsd
   -8.27654e+01   -4.94086e+02    4.65453e-06

           Step           Time
          16000        8.00000

   Energies (kJ/mol)
          Angle    Proper Dih.  Improper Dih.          LJ-14     Coulomb-14
    5.47358e+04    8.13433e+04    2.91243e+03    2.95093e+04   -7.54661e+03
        LJ (SR)  Disper. corr.   Coulomb (SR)   Coul. recip. Position Rest.
    2.00253e+06   -3.79844e+04   -1.62878e+07    1.15441e+05    2.68169e+04
      Potential    Kinetic En.   Total Energy  Conserved En.    Temperature
   -1.40201e+07    2.56327e+06   -1.14568e+07   -1.27111e+07    2.96798e+02
 Pres. DC (bar) Pressure (bar)   Constr. rmsd
   -8.45119e+01   -4.50784e+02    4.60999e-06

           Step           Time
          17000        8.50000

   Energies (kJ/mol)
          Angle    Proper Dih.  Improper Dih.          LJ-14     Coulomb-14
    5.52788e+04    8.12687e+04    2.87034e+03    2.95346e+04   -7.47748e+03
        LJ (SR)  Disper. corr.   Coulomb (SR)   Coul. recip. Position Rest.
    2.00704e+06   -3.83528e+04   -1.63143e+07    1.13861e+05    2.84454e+04
      Potential    Kinetic En.   Total Energy  Conserved En.    Temperature
   -1.40418e+07    2.56677e+06   -1.14750e+07   -1.27118e+07    2.97204e+02
 Pres. DC (bar) Pressure (bar)   Constr. rmsd
   -8.61594e+01   -4.25838e+02    4.64143e-06

           Step           Time
          18000        9.00000

   Energies (kJ/mol)
          Angle    Proper Dih.  Improper Dih.          LJ-14     Coulomb-14
    5.52530e+04    8.18561e+04    3.09352e+03    3.02216e+04   -6.98658e+03
        LJ (SR)  Disper. corr.   Coulomb (SR)   Coul. recip. Position Rest.
    2.00380e+06   -3.87043e+04   -1.63348e+07    1.12454e+05    2.93732e+04
      Potential    Kinetic En.   Total Energy  Conserved En.    Temperature
   -1.40644e+07    2.57000e+06   -1.14944e+07   -1.27124e+07    2.97578e+02
 Pres. DC (bar) Pressure (bar)   Constr. rmsd
   -8.77456e+01   -4.23392e+02    4.58364e-06

           Step           Time
          19000        9.50000

   Energies (kJ/mol)
          Angle    Proper Dih.  Improper Dih.          LJ-14     Coulomb-14
    5.63086e+04    8.18884e+04    3.10687e+03    2.99107e+04   -8.01824e+03
        LJ (SR)  Disper. corr.   Coulomb (SR)   Coul. recip. Position Rest.
    2.00206e+06   -3.90470e+04   -1.63561e+07    1.11214e+05    3.11748e+04
      Potential    Kinetic En.   Total Energy  Conserved En.    Temperature
   -1.40875e+07    2.57480e+06   -1.15127e+07   -1.27129e+07    2.98134e+02
 Pres. DC (bar) Pressure (bar)   Constr. rmsd
   -8.93066e+01   -4.00323e+02    4.57914e-06

           Step           Time
          20000       10.00000

   Energies (kJ/mol)
          Angle    Proper Dih.  Improper Dih.          LJ-14     Coulomb-14
    5.65392e+04    8.21560e+04    2.91080e+03    2.98108e+04   -7.69450e+03
        LJ (SR)  Disper. corr.   Coulomb (SR)   Coul. recip. Position Rest.
    2.00354e+06   -3.93597e+04   -1.63711e+07    1.09830e+05    3.17193e+04
      Potential    Kinetic En.   Total Energy  Conserved En.    Temperature
   -1.41017e+07    2.57535e+06   -1.15263e+07   -1.27134e+07    2.98197e+02
 Pres. DC (bar) Pressure (bar)   Constr. rmsd
   -9.07425e+01   -3.40989e+02    4.55242e-06

           Step           Time
          21000       10.50000

   Energies (kJ/mol)
          Angle    Proper Dih.  Improper Dih.          LJ-14     Coulomb-14
    5.65992e+04    8.17892e+04    3.01521e+03    3.00210e+04   -7.65425e+03
        LJ (SR)  Disper. corr.   Coulomb (SR)   Coul. recip. Position Rest.
    2.00313e+06   -3.96580e+04   -1.63941e+07    1.09031e+05    3.30711e+04
      Potential    Kinetic En.   Total Energy  Conserved En.    Temperature
   -1.41248e+07    2.58121e+06   -1.15435e+07   -1.27138e+07    2.98876e+02
 Pres. DC (bar) Pressure (bar)   Constr. rmsd
   -9.21235e+01   -3.45487e+02    4.56138e-06

           Step           Time
          22000       11.00000

   Energies (kJ/mol)
          Angle    Proper Dih.  Improper Dih.          LJ-14     Coulomb-14
    5.70339e+04    8.20291e+04    3.01785e+03    3.01781e+04   -7.61979e+03
        LJ (SR)  Disper. corr.   Coulomb (SR)   Coul. recip. Position Rest.
    2.00333e+06   -3.99347e+04   -1.64065e+07    1.07746e+05    3.38396e+04
      Potential    Kinetic En.   Total Energy  Conserved En.    Temperature
   -1.41368e+07    2.58184e+06   -1.15550e+07   -1.27141e+07    2.98950e+02
 Pres. DC (bar) Pressure (bar)   Constr. rmsd
   -9.34133e+01   -3.19169e+02    4.54064e-06

           Step           Time
          23000       11.50000

   Energies (kJ/mol)
          Angle    Proper Dih.  Improper Dih.          LJ-14     Coulomb-14
    5.75335e+04    8.25189e+04    3.09401e+03    2.99366e+04   -7.91959e+03
        LJ (SR)  Disper. corr.   Coulomb (SR)   Coul. recip. Position Rest.
    2.01048e+06   -4.01986e+04   -1.64306e+07    1.06475e+05    3.48848e+04
      Potential    Kinetic En.   Total Energy  Conserved En.    Temperature
   -1.41538e+07    2.58009e+06   -1.15737e+07   -1.27145e+07    2.98747e+02
 Pres. DC (bar) Pressure (bar)   Constr. rmsd
   -9.46520e+01   -3.01673e+02    4.51646e-06

           Step           Time
          24000       12.00000

   Energies (kJ/mol)
          Angle    Proper Dih.  Improper Dih.          LJ-14     Coulomb-14
    5.69994e+04    8.25602e+04    3.07032e+03    3.03066e+04   -7.37061e+03
        LJ (SR)  Disper. corr.   Coulomb (SR)   Coul. recip. Position Rest.
    2.01209e+06   -4.04392e+04   -1.64513e+07    1.05546e+05    3.58874e+04
      Potential    Kinetic En.   Total Energy  Conserved En.    Temperature
   -1.41726e+07    2.58351e+06   -1.15891e+07   -1.27149e+07    2.99143e+02
 Pres. DC (bar) Pressure (bar)   Constr. rmsd
   -9.57885e+01   -2.51296e+02    4.54529e-06

           Step           Time
          25000       12.50000

   Energies (kJ/mol)
          Angle    Proper Dih.  Improper Dih.          LJ-14     Coulomb-14
    5.74243e+04    8.26939e+04    3.05751e+03    3.04940e+04   -7.61003e+03
        LJ (SR)  Disper. corr.   Coulomb (SR)   Coul. recip. Position Rest.
    2.01151e+06   -4.06763e+04   -1.64681e+07    1.04700e+05    3.65008e+04
      Potential    Kinetic En.   Total Energy  Conserved En.    Temperature
   -1.41900e+07    2.58484e+06   -1.16052e+07   -1.27150e+07    2.99296e+02
 Pres. DC (bar) Pressure (bar)   Constr. rmsd
   -9.69149e+01   -2.17778e+02    4.51261e-06

           Step           Time
          26000       13.00000

   Energies (kJ/mol)
          Angle    Proper Dih.  Improper Dih.          LJ-14     Coulomb-14
    5.72528e+04    8.23450e+04    3.04499e+03    3.06084e+04   -6.93691e+03
        LJ (SR)  Disper. corr.   Coulomb (SR)   Coul. recip. Position Rest.
    2.00876e+06   -4.08744e+04   -1.64799e+07    1.03647e+05    3.74285e+04
      Potential    Kinetic En.   Total Energy  Conserved En.    Temperature
   -1.42046e+07    2.58213e+06   -1.16225e+07   -1.27152e+07    2.98983e+02
 Pres. DC (bar) Pressure (bar)   Constr. rmsd
   -9.78612e+01   -2.65639e+02    4.49686e-06

           Step           Time
          27000       13.50000

   Energies (kJ/mol)
          Angle    Proper Dih.  Improper Dih.          LJ-14     Coulomb-14
    5.77780e+04    8.26104e+04    3.04118e+03    3.04219e+04   -7.46463e+03
        LJ (SR)  Disper. corr.   Coulomb (SR)   Coul. recip. Position Rest.
    2.01784e+06   -4.10794e+04   -1.65018e+07    1.03120e+05    3.83470e+04
      Potential    Kinetic En.   Total Energy  Conserved En.    Temperature
   -1.42172e+07    2.58278e+06   -1.16344e+07   -1.27155e+07    2.99058e+02
 Pres. DC (bar) Pressure (bar)   Constr. rmsd
   -9.88452e+01   -1.66844e+02    4.51173e-06

           Step           Time
          28000       14.00000

   Energies (kJ/mol)
          Angle    Proper Dih.  Improper Dih.          LJ-14     Coulomb-14
    5.82745e+04    8.28703e+04    3.14197e+03    3.04039e+04   -7.41951e+03
        LJ (SR)  Disper. corr.   Coulomb (SR)   Coul. recip. Position Rest.
    2.01667e+06   -4.12534e+04   -1.65160e+07    1.01969e+05    3.91854e+04
      Potential    Kinetic En.   Total Energy  Conserved En.    Temperature
   -1.42322e+07    2.58394e+06   -1.16482e+07   -1.27155e+07    2.99192e+02
 Pres. DC (bar) Pressure (bar)   Constr. rmsd
   -9.96845e+01   -2.05591e+02    4.48032e-06

           Step           Time
          29000       14.50000

   Energies (kJ/mol)
          Angle    Proper Dih.  Improper Dih.          LJ-14     Coulomb-14
    5.79436e+04    8.29095e+04    3.21828e+03    3.04219e+04   -7.65465e+03
        LJ (SR)  Disper. corr.   Coulomb (SR)   Coul. recip. Position Rest.
    2.01951e+06   -4.14269e+04   -1.65317e+07    1.00960e+05    4.00324e+04
      Potential    Kinetic En.   Total Energy  Conserved En.    Temperature
   -1.42458e+07    2.58155e+06   -1.16642e+07   -1.27156e+07    2.98916e+02
 Pres. DC (bar) Pressure (bar)   Constr. rmsd
   -1.00524e+02   -1.90343e+02    4.52524e-06

           Step           Time
          30000       15.00000

   Energies (kJ/mol)
          Angle    Proper Dih.  Improper Dih.          LJ-14     Coulomb-14
    5.80296e+04    8.27751e+04    3.09113e+03    3.06199e+04   -7.38089e+03
        LJ (SR)  Disper. corr.   Coulomb (SR)   Coul. recip. Position Rest.
    2.02382e+06   -4.15924e+04   -1.65430e+07    1.01224e+05    4.02242e+04
      Potential    Kinetic En.   Total Energy  Conserved En.    Temperature
   -1.42522e+07    2.57885e+06   -1.16734e+07   -1.27158e+07    2.98603e+02
 Pres. DC (bar) Pressure (bar)   Constr. rmsd
   -1.01329e+02   -1.26286e+02    4.51685e-06

           Step           Time
          31000       15.50000

   Energies (kJ/mol)
          Angle    Proper Dih.  Improper Dih.          LJ-14     Coulomb-14
    5.88736e+04    8.28777e+04    3.06179e+03    3.05243e+04   -7.17545e+03
        LJ (SR)  Disper. corr.   Coulomb (SR)   Coul. recip. Position Rest.
    2.02206e+06   -4.17468e+04   -1.65599e+07    9.98463e+04    4.16512e+04
      Potential    Kinetic En.   Total Energy  Conserved En.    Temperature
   -1.42699e+07    2.58322e+06   -1.16867e+07   -1.27159e+07    2.99109e+02
 Pres. DC (bar) Pressure (bar)   Constr. rmsd
   -1.02083e+02   -1.38376e+02    4.44559e-06

           Step           Time
          32000       16.00000

   Energies (kJ/mol)
          Angle    Proper Dih.  Improper Dih.          LJ-14     Coulomb-14
    5.79217e+04    8.27280e+04    3.26865e+03    3.04401e+04   -6.90656e+03
        LJ (SR)  Disper. corr.   Coulomb (SR)   Coul. recip. Position Rest.
    2.02256e+06   -4.18835e+04   -1.65663e+07    9.97177e+04    4.19846e+04
      Potential    Kinetic En.   Total Energy  Conserved En.    Temperature
   -1.42765e+07    2.58126e+06   -1.16952e+07   -1.27160e+07    2.98882e+02
 Pres. DC (bar) Pressure (bar)   Constr. rmsd
   -1.02753e+02   -1.10701e+02    4.49085e-06

           Step           Time
          33000       16.50000

   Energies (kJ/mol)
          Angle    Proper Dih.  Improper Dih.          LJ-14     Coulomb-14
    5.85933e+04    8.33516e+04    3.28847e+03    3.05687e+04   -6.99006e+03
        LJ (SR)  Disper. corr.   Coulomb (SR)   Coul. recip. Position Rest.
    2.01566e+06   -4.20221e+04   -1.65712e+07    9.90538e+04    4.20330e+04
      Potential    Kinetic En.   Total Energy  Conserved En.    Temperature
   -1.42877e+07    2.58256e+06   -1.17051e+07   -1.27160e+07    2.99032e+02
 Pres. DC (bar) Pressure (bar)   Constr. rmsd
   -1.03434e+02   -1.87855e+02    4.45606e-06

           Step           Time
          34000       17.00000

   Energies (kJ/mol)
          Angle    Proper Dih.  Improper Dih.          LJ-14     Coulomb-14
    5.88828e+04    8.33458e+04    3.20895e+03    3.08435e+04   -7.11798e+03
        LJ (SR)  Disper. corr.   Coulomb (SR)   Coul. recip. Position Rest.
    2.02721e+06   -4.21486e+04   -1.65945e+07    9.84529e+04    4.28778e+04
      Potential    Kinetic En.   Total Energy  Conserved En.    Temperature
   -1.42990e+07    2.58486e+06   -1.17141e+07   -1.27161e+07    2.99299e+02
 Pres. DC (bar) Pressure (bar)   Constr. rmsd
   -1.04058e+02   -1.03083e+02    4.48184e-06

           Step           Time
          35000       17.50000

   Energies (kJ/mol)
          Angle    Proper Dih.  Improper Dih.          LJ-14     Coulomb-14
    5.82602e+04    8.35190e+04    3.20870e+03    3.09792e+04   -7.40265e+03
        LJ (SR)  Disper. corr.   Coulomb (SR)   Coul. recip. Position Rest.
    2.02341e+06   -4.22637e+04   -1.65950e+07    9.82180e+04    4.32969e+04
      Potential    Kinetic En.   Total Energy  Conserved En.    Temperature
   -1.43037e+07    2.58031e+06   -1.17234e+07   -1.27160e+07    2.98771e+02
 Pres. DC (bar) Pressure (bar)   Constr. rmsd
   -1.04627e+02   -1.24350e+02    4.49341e-06

           Step           Time
          36000       18.00000

   Energies (kJ/mol)
          Angle    Proper Dih.  Improper Dih.          LJ-14     Coulomb-14
    5.88865e+04    8.33345e+04    3.30682e+03    3.07048e+04   -7.94009e+03
        LJ (SR)  Disper. corr.   Coulomb (SR)   Coul. recip. Position Rest.
    2.01915e+06   -4.23757e+04   -1.65987e+07    9.78742e+04    4.39539e+04
      Potential    Kinetic En.   Total Energy  Conserved En.    Temperature
   -1.43118e+07    2.58157e+06   -1.17302e+07   -1.27161e+07    2.98917e+02
 Pres. DC (bar) Pressure (bar)   Constr. rmsd
   -1.05182e+02   -1.51749e+02    4.42980e-06

           Step           Time
          37000       18.50000

   Energies (kJ/mol)
          Angle    Proper Dih.  Improper Dih.          LJ-14     Coulomb-14
    5.83745e+04    8.36327e+04    3.09297e+03    3.07169e+04   -6.73414e+03
        LJ (SR)  Disper. corr.   Coulomb (SR)   Coul. recip. Position Rest.
    2.03053e+06   -4.24752e+04   -1.66168e+07    9.70128e+04    4.39740e+04
      Potential    Kinetic En.   Total Energy  Conserved En.    Temperature
   -1.43186e+07    2.57839e+06   -1.17403e+07   -1.27160e+07    2.98549e+02
 Pres. DC (bar) Pressure (bar)   Constr. rmsd
   -1.05676e+02   -1.04121e+02    4.50303e-06

           Step           Time
          38000       19.00000

   Energies (kJ/mol)
          Angle    Proper Dih.  Improper Dih.          LJ-14     Coulomb-14
    5.89973e+04    8.34557e+04    3.12938e+03    3.07095e+04   -7.05020e+03
        LJ (SR)  Disper. corr.   Coulomb (SR)   Coul. recip. Position Rest.
    2.02538e+06   -4.25649e+04   -1.66236e+07    9.67719e+04    4.43505e+04
      Potential    Kinetic En.   Total Energy  Conserved En.    Temperature
   -1.43304e+07    2.58296e+06   -1.17475e+07   -1.27161e+07    2.99079e+02
 Pres. DC (bar) Pressure (bar)   Constr. rmsd
   -1.06123e+02   -1.14606e+02    4.44488e-06

           Step           Time
          39000       19.50000

   Energies (kJ/mol)
          Angle    Proper Dih.  Improper Dih.          LJ-14     Coulomb-14
    5.85628e+04    8.33542e+04    3.21934e+03    3.06446e+04   -7.11152e+03
        LJ (SR)  Disper. corr.   Coulomb (SR)   Coul. recip. Position Rest.
    2.02277e+06   -4.26536e+04   -1.66223e+07    9.68462e+04    4.48004e+04
      Potential    Kinetic En.   Total Energy  Conserved En.    Temperature
   -1.43319e+07    2.57659e+06   -1.17553e+07   -1.27160e+07    2.98341e+02
 Pres. DC (bar) Pressure (bar)   Constr. rmsd
   -1.06566e+02   -1.08153e+02    4.48066e-06

           Step           Time
          40000       20.00000

   Energies (kJ/mol)
          Angle    Proper Dih.  Improper Dih.          LJ-14     Coulomb-14
    5.89334e+04    8.35837e+04    3.17608e+03    3.07278e+04   -7.46877e+03
        LJ (SR)  Disper. corr.   Coulomb (SR)   Coul. recip. Position Rest.
    2.02399e+06   -4.27311e+04   -1.66250e+07    9.65117e+04    4.51438e+04
      Potential    Kinetic En.   Total Energy  Conserved En.    Temperature
   -1.43331e+07    2.57461e+06   -1.17585e+07   -1.27159e+07    2.98112e+02
 Pres. DC (bar) Pressure (bar)   Constr. rmsd
   -1.06954e+02   -1.17153e+02    4.49542e-06

           Step           Time
          41000       20.50000

   Energies (kJ/mol)
          Angle    Proper Dih.  Improper Dih.          LJ-14     Coulomb-14
    5.88783e+04    8.35245e+04    3.33204e+03    3.07111e+04   -7.68055e+03
        LJ (SR)  Disper. corr.   Coulomb (SR)   Coul. recip. Position Rest.
    2.02469e+06   -4.28134e+04   -1.66295e+07    9.59856e+04    4.54170e+04
      Potential    Kinetic En.   Total Energy  Conserved En.    Temperature
   -1.43375e+07    2.57715e+06   -1.17603e+07   -1.27159e+07    2.98406e+02
 Pres. DC (bar) Pressure (bar)   Constr. rmsd
   -1.07366e+02   -6.56645e+01    4.46934e-06

           Step           Time
          42000       21.00000

   Energies (kJ/mol)
          Angle    Proper Dih.  Improper Dih.          LJ-14     Coulomb-14
    5.93591e+04    8.36791e+04    3.20418e+03    3.07269e+04   -6.75050e+03
        LJ (SR)  Disper. corr.   Coulomb (SR)   Coul. recip. Position Rest.
    2.02651e+06   -4.28854e+04   -1.66400e+07    9.57957e+04    4.57872e+04
      Potential    Kinetic En.   Total Energy  Conserved En.    Temperature
   -1.43446e+07    2.58027e+06   -1.17643e+07   -1.27158e+07    2.98767e+02
 Pres. DC (bar) Pressure (bar)   Constr. rmsd
   -1.07728e+02   -1.26343e+02    4.44581e-06

           Step           Time
          43000       21.50000

   Energies (kJ/mol)
          Angle    Proper Dih.  Improper Dih.          LJ-14     Coulomb-14
    5.95433e+04    8.32927e+04    3.19789e+03    3.07817e+04   -7.59446e+03
        LJ (SR)  Disper. corr.   Coulomb (SR)   Coul. recip. Position Rest.
    2.02789e+06   -4.29448e+04   -1.66446e+07    9.56455e+04    4.63435e+04
      Potential    Kinetic En.   Total Energy  Conserved En.    Temperature
   -1.43485e+07    2.58184e+06   -1.17666e+07   -1.27157e+07    2.98949e+02
 Pres. DC (bar) Pressure (bar)   Constr. rmsd
   -1.08026e+02   -7.51069e+01    4.44649e-06

           Step           Time
          44000       22.00000

   Energies (kJ/mol)
          Angle    Proper Dih.  Improper Dih.          LJ-14     Coulomb-14
    5.95142e+04    8.36487e+04    3.23082e+03    3.08350e+04   -7.18289e+03
        LJ (SR)  Disper. corr.   Coulomb (SR)   Coul. recip. Position Rest.
    2.02784e+06   -4.30006e+04   -1.66480e+07    9.54297e+04    4.65566e+04
      Potential    Kinetic En.   Total Energy  Conserved En.    Temperature
   -1.43512e+07    2.58130e+06   -1.17699e+07   -1.27156e+07    2.98887e+02
 Pres. DC (bar) Pressure (bar)   Constr. rmsd
   -1.08307e+02   -7.13935e+01    4.45250e-06

           Step           Time
          45000       22.50000

   Energies (kJ/mol)
          Angle    Proper Dih.  Improper Dih.          LJ-14     Coulomb-14
    5.89740e+04    8.37475e+04    3.24221e+03    3.06474e+04   -7.04741e+03
        LJ (SR)  Disper. corr.   Coulomb (SR)   Coul. recip. Position Rest.
    2.02560e+06   -4.30564e+04   -1.66491e+07    9.45291e+04    4.66251e+04
      Potential    Kinetic En.   Total Energy  Conserved En.    Temperature
   -1.43558e+07    2.58226e+06   -1.17736e+07   -1.27156e+07    2.98998e+02
 Pres. DC (bar) Pressure (bar)   Constr. rmsd
   -1.08588e+02   -4.24058e+01    4.47135e-06

Writing checkpoint, step 45900 at Mon Dec 12 17:15:34 2022


           Step           Time
          46000       23.00000

   Energies (kJ/mol)
          Angle    Proper Dih.  Improper Dih.          LJ-14     Coulomb-14
    5.88450e+04    8.36373e+04    3.29054e+03    3.09310e+04   -7.54663e+03
        LJ (SR)  Disper. corr.   Coulomb (SR)   Coul. recip. Position Rest.
    2.03030e+06   -4.31191e+04   -1.66633e+07    9.49480e+04    4.69935e+04
      Potential    Kinetic En.   Total Energy  Conserved En.    Temperature
   -1.43650e+07    2.57853e+06   -1.17864e+07   -1.27153e+07    2.98566e+02
 Pres. DC (bar) Pressure (bar)   Constr. rmsd
   -1.08905e+02   -7.84063e+01    4.46025e-06

           Step           Time
          47000       23.50000

   Energies (kJ/mol)
          Angle    Proper Dih.  Improper Dih.          LJ-14     Coulomb-14
    6.02211e+04    8.34966e+04    3.37121e+03    3.09975e+04   -7.49277e+03
        LJ (SR)  Disper. corr.   Coulomb (SR)   Coul. recip. Position Rest.
    2.02705e+06   -4.31717e+04   -1.66658e+07    9.42518e+04    4.71366e+04
      Potential    Kinetic En.   Total Energy  Conserved En.    Temperature
   -1.43700e+07    2.57852e+06   -1.17914e+07   -1.27153e+07    2.98565e+02
 Pres. DC (bar) Pressure (bar)   Constr. rmsd
   -1.09171e+02   -7.27043e+01    4.42385e-06

           Step           Time
          48000       24.00000

   Energies (kJ/mol)
          Angle    Proper Dih.  Improper Dih.          LJ-14     Coulomb-14
    5.98193e+04    8.37813e+04    3.24103e+03    3.08750e+04   -6.85031e+03
        LJ (SR)  Disper. corr.   Coulomb (SR)   Coul. recip. Position Rest.
    2.03047e+06   -4.32199e+04   -1.66754e+07    9.42359e+04    4.76716e+04
      Potential    Kinetic En.   Total Energy  Conserved En.    Temperature
   -1.43753e+07    2.57973e+06   -1.17956e+07   -1.27152e+07    2.98705e+02
 Pres. DC (bar) Pressure (bar)   Constr. rmsd
   -1.09414e+02   -7.32025e+01    4.43646e-06

           Step           Time
          49000       24.50000

   Energies (kJ/mol)
          Angle    Proper Dih.  Improper Dih.          LJ-14     Coulomb-14
    5.93240e+04    8.39975e+04    3.13207e+03    3.07805e+04   -7.11904e+03
        LJ (SR)  Disper. corr.   Coulomb (SR)   Coul. recip. Position Rest.
    2.03316e+06   -4.32591e+04   -1.66789e+07    9.46409e+04    4.75354e+04
      Potential    Kinetic En.   Total Energy  Conserved En.    Temperature
   -1.43767e+07    2.57776e+06   -1.17989e+07   -1.27151e+07    2.98477e+02
 Pres. DC (bar) Pressure (bar)   Constr. rmsd
   -1.09613e+02   -3.68446e+01    4.47107e-06

           Step           Time
          50000       25.00000

   Energies (kJ/mol)
          Angle    Proper Dih.  Improper Dih.          LJ-14     Coulomb-14
    5.92840e+04    8.39815e+04    3.27775e+03    3.07016e+04   -7.55154e+03
        LJ (SR)  Disper. corr.   Coulomb (SR)   Coul. recip. Position Rest.
    2.03347e+06   -4.32897e+04   -1.66840e+07    9.32320e+04    4.77238e+04
      Potential    Kinetic En.   Total Energy  Conserved En.    Temperature
   -1.43831e+07    2.57906e+06   -1.18041e+07   -1.27149e+07    2.98628e+02
 Pres. DC (bar) Pressure (bar)   Constr. rmsd
   -1.09768e+02   -3.84479e+01    4.44170e-06

           Step           Time
          51000       25.50000

   Energies (kJ/mol)
          Angle    Proper Dih.  Improper Dih.          LJ-14     Coulomb-14
    5.94781e+04    8.36579e+04    3.35216e+03    3.06523e+04   -7.34131e+03
        LJ (SR)  Disper. corr.   Coulomb (SR)   Coul. recip. Position Rest.
    2.03046e+06   -4.33293e+04   -1.66815e+07    9.32702e+04    4.75939e+04
      Potential    Kinetic En.   Total Energy  Conserved En.    Temperature
   -1.43837e+07    2.57791e+06   -1.18058e+07   -1.27149e+07    2.98494e+02
 Pres. DC (bar) Pressure (bar)   Constr. rmsd
   -1.09969e+02   -3.68128e+01    4.44789e-06

           Step           Time
          52000       26.00000

   Energies (kJ/mol)
          Angle    Proper Dih.  Improper Dih.          LJ-14     Coulomb-14
    5.95608e+04    8.36751e+04    3.18987e+03    3.07974e+04   -7.15518e+03
        LJ (SR)  Disper. corr.   Coulomb (SR)   Coul. recip. Position Rest.
    2.03886e+06   -4.33587e+04   -1.66958e+07    9.36834e+04    4.82666e+04
      Potential    Kinetic En.   Total Energy  Conserved En.    Temperature
   -1.43883e+07    2.57851e+06   -1.18098e+07   -1.27146e+07    2.98563e+02
 Pres. DC (bar) Pressure (bar)   Constr. rmsd
   -1.10119e+02    6.21632e+00    4.43393e-06

           Step           Time
          53000       26.50000

   Energies (kJ/mol)
          Angle    Proper Dih.  Improper Dih.          LJ-14     Coulomb-14
    5.92709e+04    8.38063e+04    3.14513e+03    3.08899e+04   -7.42349e+03
        LJ (SR)  Disper. corr.   Coulomb (SR)   Coul. recip. Position Rest.
    2.03040e+06   -4.33882e+04   -1.66899e+07    9.31251e+04    4.82398e+04
      Potential    Kinetic En.   Total Energy  Conserved En.    Temperature
   -1.43918e+07    2.58013e+06   -1.18117e+07   -1.27145e+07    2.98751e+02
 Pres. DC (bar) Pressure (bar)   Constr. rmsd
   -1.10268e+02   -3.12543e+01    4.46941e-06

           Step           Time
          54000       27.00000

   Energies (kJ/mol)
          Angle    Proper Dih.  Improper Dih.          LJ-14     Coulomb-14
    6.01332e+04    8.37274e+04    3.24291e+03    3.07399e+04   -8.02268e+03
        LJ (SR)  Disper. corr.   Coulomb (SR)   Coul. recip. Position Rest.
    2.03216e+06   -4.34168e+04   -1.66927e+07    9.38077e+04    4.79939e+04
      Potential    Kinetic En.   Total Energy  Conserved En.    Temperature
   -1.43923e+07    2.57685e+06   -1.18155e+07   -1.27143e+07    2.98371e+02
 Pres. DC (bar) Pressure (bar)   Constr. rmsd
   -1.10413e+02   -1.98700e+01    4.42554e-06

           Step           Time
          55000       27.50000

   Energies (kJ/mol)
          Angle    Proper Dih.  Improper Dih.          LJ-14     Coulomb-14
    5.97537e+04    8.36143e+04    3.21627e+03    3.06351e+04   -7.25871e+03
        LJ (SR)  Disper. corr.   Coulomb (SR)   Coul. recip. Position Rest.
    2.03227e+06   -4.34486e+04   -1.66988e+07    9.28162e+04    4.84224e+04
      Potential    Kinetic En.   Total Energy  Conserved En.    Temperature
   -1.43988e+07    2.57998e+06   -1.18188e+07   -1.27141e+07    2.98734e+02
 Pres. DC (bar) Pressure (bar)   Constr. rmsd
   -1.10576e+02   -3.20041e+01    4.44287e-06

           Step           Time
          56000       28.00000

   Energies (kJ/mol)
          Angle    Proper Dih.  Improper Dih.          LJ-14     Coulomb-14
    6.00114e+04    8.32631e+04    3.27557e+03    3.06921e+04   -7.98543e+03
        LJ (SR)  Disper. corr.   Coulomb (SR)   Coul. recip. Position Rest.
    2.03394e+06   -4.34663e+04   -1.67006e+07    9.30346e+04    4.85783e+04
      Potential    Kinetic En.   Total Energy  Conserved En.    Temperature
   -1.43992e+07    2.57904e+06   -1.18202e+07   -1.27139e+07    2.98625e+02
 Pres. DC (bar) Pressure (bar)   Constr. rmsd
   -1.10665e+02   -3.22301e+01    4.42093e-06

           Step           Time
          57000       28.50000

   Energies (kJ/mol)
          Angle    Proper Dih.  Improper Dih.          LJ-14     Coulomb-14
    5.96372e+04    8.38135e+04    3.25251e+03    3.07237e+04   -6.50822e+03
        LJ (SR)  Disper. corr.   Coulomb (SR)   Coul. recip. Position Rest.
    2.02920e+06   -4.34950e+04   -1.66980e+07    9.25809e+04    4.86289e+04
      Potential    Kinetic En.   Total Energy  Conserved En.    Temperature
   -1.44002e+07    2.57763e+06   -1.18226e+07   -1.27137e+07    2.98462e+02
 Pres. DC (bar) Pressure (bar)   Constr. rmsd
   -1.10812e+02   -3.96215e+01    4.42264e-06

           Step           Time
          58000       29.00000

   Energies (kJ/mol)
          Angle    Proper Dih.  Improper Dih.          LJ-14     Coulomb-14
    5.91010e+04    8.37986e+04    3.16876e+03    3.08822e+04   -6.73522e+03
        LJ (SR)  Disper. corr.   Coulomb (SR)   Coul. recip. Position Rest.
    2.03946e+06   -4.35107e+04   -1.67118e+07    9.28380e+04    4.88838e+04
      Potential    Kinetic En.   Total Energy  Conserved En.    Temperature
   -1.44040e+07    2.58044e+06   -1.18235e+07   -1.27137e+07    2.98787e+02
 Pres. DC (bar) Pressure (bar)   Constr. rmsd
   -1.10892e+02    5.32648e+00    4.44306e-06

           Step           Time
          59000       29.50000

   Energies (kJ/mol)
          Angle    Proper Dih.  Improper Dih.          LJ-14     Coulomb-14
    5.96771e+04    8.37711e+04    3.25773e+03    3.07991e+04   -7.49113e+03
        LJ (SR)  Disper. corr.   Coulomb (SR)   Coul. recip. Position Rest.
    2.03557e+06   -4.35161e+04   -1.67093e+07    9.22077e+04    4.82797e+04
      Potential    Kinetic En.   Total Energy  Conserved En.    Temperature
   -1.44068e+07    2.58087e+06   -1.18259e+07   -1.27134e+07    2.98837e+02
 Pres. DC (bar) Pressure (bar)   Constr. rmsd
   -1.10920e+02    1.36202e+01    4.39946e-06

           Step           Time
          60000       30.00000

   Energies (kJ/mol)
          Angle    Proper Dih.  Improper Dih.          LJ-14     Coulomb-14
    6.06054e+04    8.38202e+04    3.22492e+03    3.07393e+04   -7.67765e+03
        LJ (SR)  Disper. corr.   Coulomb (SR)   Coul. recip. Position Rest.
    2.03738e+06   -4.35208e+04   -1.67122e+07    9.23300e+04    4.89303e+04
      Potential    Kinetic En.   Total Energy  Conserved En.    Temperature
   -1.44063e+07    2.57681e+06   -1.18295e+07   -1.27131e+07    2.98366e+02
 Pres. DC (bar) Pressure (bar)   Constr. rmsd
   -1.10943e+02    1.06612e+01    4.43789e-06

           Step           Time
          61000       30.50000

   Energies (kJ/mol)
          Angle    Proper Dih.  Improper Dih.          LJ-14     Coulomb-14
    5.98736e+04    8.42904e+04    3.31530e+03    3.09153e+04   -7.43211e+03
        LJ (SR)  Disper. corr.   Coulomb (SR)   Coul. recip. Position Rest.
    2.02823e+06   -4.35349e+04   -1.67082e+07    9.22534e+04    4.84869e+04
      Potential    Kinetic En.   Total Energy  Conserved En.    Temperature
   -1.44119e+07    2.57600e+06   -1.18358e+07   -1.27130e+07    2.98273e+02
 Pres. DC (bar) Pressure (bar)   Constr. rmsd
   -1.11015e+02   -2.38055e+01    4.43898e-06

           Step           Time
          62000       31.00000

   Energies (kJ/mol)
          Angle    Proper Dih.  Improper Dih.          LJ-14     Coulomb-14
    5.97840e+04    8.40560e+04    3.24552e+03    3.08054e+04   -7.55434e+03
        LJ (SR)  Disper. corr.   Coulomb (SR)   Coul. recip. Position Rest.
    2.04283e+06   -4.35413e+04   -1.67262e+07    9.18089e+04    4.90200e+04
      Potential    Kinetic En.   Total Energy  Conserved En.    Temperature
   -1.44157e+07    2.57777e+06   -1.18380e+07   -1.27128e+07    2.98478e+02
 Pres. DC (bar) Pressure (bar)   Constr. rmsd
   -1.11048e+02    3.19201e+01    4.43382e-06

           Step           Time
          63000       31.50000

   Energies (kJ/mol)
          Angle    Proper Dih.  Improper Dih.          LJ-14     Coulomb-14
    6.03902e+04    8.38559e+04    3.29414e+03    3.07910e+04   -7.91246e+03
        LJ (SR)  Disper. corr.   Coulomb (SR)   Coul. recip. Position Rest.
    2.03554e+06   -4.35466e+04   -1.67180e+07    9.20438e+04    4.88216e+04
      Potential    Kinetic En.   Total Energy  Conserved En.    Temperature
   -1.44148e+07    2.57163e+06   -1.18431e+07   -1.27126e+07    2.97767e+02
 Pres. DC (bar) Pressure (bar)   Constr. rmsd
   -1.11075e+02    1.68789e+01    4.42136e-06

           Step           Time
          64000       32.00000

   Energies (kJ/mol)
          Angle    Proper Dih.  Improper Dih.          LJ-14     Coulomb-14
    5.98091e+04    8.35896e+04    3.30760e+03    3.09737e+04   -6.88391e+03
        LJ (SR)  Disper. corr.   Coulomb (SR)   Coul. recip. Position Rest.
    2.04130e+06   -4.35411e+04   -1.67254e+07    9.16741e+04    4.88465e+04
      Potential    Kinetic En.   Total Energy  Conserved En.    Temperature
   -1.44163e+07    2.57801e+06   -1.18383e+07   -1.27123e+07    2.98505e+02
 Pres. DC (bar) Pressure (bar)   Constr. rmsd
   -1.11047e+02    1.00496e+01    4.45688e-06

           Step           Time
          65000       32.50000

   Energies (kJ/mol)
          Angle    Proper Dih.  Improper Dih.          LJ-14     Coulomb-14
    6.02664e+04    8.38511e+04    3.32009e+03    3.08412e+04   -7.04800e+03
        LJ (SR)  Disper. corr.   Coulomb (SR)   Coul. recip. Position Rest.
    2.03841e+06   -4.35377e+04   -1.67212e+07    9.17042e+04    4.90122e+04
      Potential    Kinetic En.   Total Energy  Conserved En.    Temperature
   -1.44144e+07    2.57635e+06   -1.18381e+07   -1.27120e+07    2.98313e+02
 Pres. DC (bar) Pressure (bar)   Constr. rmsd
   -1.11030e+02    8.89534e+00    4.46907e-06

           Step           Time
          66000       33.00000

   Energies (kJ/mol)
          Angle    Proper Dih.  Improper Dih.          LJ-14     Coulomb-14
    6.00202e+04    8.38897e+04    3.12356e+03    3.08389e+04   -6.51516e+03
        LJ (SR)  Disper. corr.   Coulomb (SR)   Coul. recip. Position Rest.
    2.03403e+06   -4.35421e+04   -1.67157e+07    9.12686e+04    4.90609e+04
      Potential    Kinetic En.   Total Energy  Conserved En.    Temperature
   -1.44135e+07    2.57324e+06   -1.18403e+07   -1.27118e+07    2.97954e+02
 Pres. DC (bar) Pressure (bar)   Constr. rmsd
   -1.11052e+02    1.00505e+01    4.41378e-06

           Step           Time
          67000       33.50000

   Energies (kJ/mol)
          Angle    Proper Dih.  Improper Dih.          LJ-14     Coulomb-14
    6.00551e+04    8.41269e+04    3.15365e+03    3.07791e+04   -7.63318e+03
        LJ (SR)  Disper. corr.   Coulomb (SR)   Coul. recip. Position Rest.
    2.03880e+06   -4.35341e+04   -1.67247e+07    9.13294e+04    4.88623e+04
      Potential    Kinetic En.   Total Energy  Conserved En.    Temperature
   -1.44188e+07    2.57437e+06   -1.18444e+07   -1.27116e+07    2.98084e+02
 Pres. DC (bar) Pressure (bar)   Constr. rmsd
   -1.11011e+02   -8.22784e-01    4.40945e-06

           Step           Time
          68000       34.00000

   Energies (kJ/mol)
          Angle    Proper Dih.  Improper Dih.          LJ-14     Coulomb-14
    5.99048e+04    8.37050e+04    3.24547e+03    3.09819e+04   -6.92999e+03
        LJ (SR)  Disper. corr.   Coulomb (SR)   Coul. recip. Position Rest.
    2.03731e+06   -4.35385e+04   -1.67269e+07    9.11336e+04    4.89874e+04
      Potential    Kinetic En.   Total Energy  Conserved En.    Temperature
   -1.44221e+07    2.57769e+06   -1.18444e+07   -1.27114e+07    2.98468e+02
 Pres. DC (bar) Pressure (bar)   Constr. rmsd
   -1.11034e+02    6.53539e+00    4.43986e-06

           Step           Time
          69000       34.50000

   Energies (kJ/mol)
          Angle    Proper Dih.  Improper Dih.          LJ-14     Coulomb-14
    6.02807e+04    8.38172e+04    3.41712e+03    3.09944e+04   -6.75734e+03
        LJ (SR)  Disper. corr.   Coulomb (SR)   Coul. recip. Position Rest.
    2.04027e+06   -4.35258e+04   -1.67303e+07    9.12221e+04    4.86611e+04
      Potential    Kinetic En.   Total Energy  Conserved En.    Temperature
   -1.44219e+07    2.57968e+06   -1.18422e+07   -1.27112e+07    2.98699e+02
 Pres. DC (bar) Pressure (bar)   Constr. rmsd
   -1.10969e+02    1.08450e+01    4.43145e-06

           Step           Time
          70000       35.00000

   Energies (kJ/mol)
          Angle    Proper Dih.  Improper Dih.          LJ-14     Coulomb-14
    6.07786e+04    8.40097e+04    3.29098e+03    3.07133e+04   -7.80460e+03
        LJ (SR)  Disper. corr.   Coulomb (SR)   Coul. recip. Position Rest.
    2.03863e+06   -4.35172e+04   -1.67271e+07    9.11546e+04    4.89455e+04
      Potential    Kinetic En.   Total Energy  Conserved En.    Temperature
   -1.44209e+07    2.58010e+06   -1.18408e+07   -1.27110e+07    2.98747e+02
 Pres. DC (bar) Pressure (bar)   Constr. rmsd
   -1.10925e+02    1.15768e+01    4.45840e-06

           Step           Time
          71000       35.50000

   Energies (kJ/mol)
          Angle    Proper Dih.  Improper Dih.          LJ-14     Coulomb-14
    5.91362e+04    8.39890e+04    3.42620e+03    3.08247e+04   -7.32500e+03
        LJ (SR)  Disper. corr.   Coulomb (SR)   Coul. recip. Position Rest.
    2.03539e+06   -4.34968e+04   -1.67276e+07    9.13881e+04    4.86737e+04
      Potential    Kinetic En.   Total Energy  Conserved En.    Temperature
   -1.44256e+07    2.57977e+06   -1.18458e+07   -1.27107e+07    2.98709e+02
 Pres. DC (bar) Pressure (bar)   Constr. rmsd
   -1.10821e+02    2.78693e+01    4.46480e-06

           Step           Time
          72000       36.00000

   Energies (kJ/mol)
          Angle    Proper Dih.  Improper Dih.          LJ-14     Coulomb-14
    5.98499e+04    8.39441e+04    3.15317e+03    3.08924e+04   -7.25644e+03
        LJ (SR)  Disper. corr.   Coulomb (SR)   Coul. recip. Position Rest.
    2.03475e+06   -4.34841e+04   -1.67246e+07    9.11399e+04    4.88221e+04
      Potential    Kinetic En.   Total Energy  Conserved En.    Temperature
   -1.44228e+07    2.57656e+06   -1.18462e+07   -1.27106e+07    2.98337e+02
 Pres. DC (bar) Pressure (bar)   Constr. rmsd
   -1.10756e+02    3.73485e+00    4.42089e-06

           Step           Time
          73000       36.50000

   Energies (kJ/mol)
          Angle    Proper Dih.  Improper Dih.          LJ-14     Coulomb-14
    5.99716e+04    8.38675e+04    3.33292e+03    3.08343e+04   -7.18437e+03
        LJ (SR)  Disper. corr.   Coulomb (SR)   Coul. recip. Position Rest.
    2.04035e+06   -4.34765e+04   -1.67372e+07    9.07269e+04    4.87192e+04
      Potential    Kinetic En.   Total Energy  Conserved En.    Temperature
   -1.44300e+07    2.57992e+06   -1.18501e+07   -1.27102e+07    2.98727e+02
 Pres. DC (bar) Pressure (bar)   Constr. rmsd
   -1.10717e+02    2.59137e+00    4.44772e-06

           Step           Time
          74000       37.00000

   Energies (kJ/mol)
          Angle    Proper Dih.  Improper Dih.          LJ-14     Coulomb-14
    6.01197e+04    8.37479e+04    3.29723e+03    3.09439e+04   -7.50565e+03
        LJ (SR)  Disper. corr.   Coulomb (SR)   Coul. recip. Position Rest.
    2.04113e+06   -4.34592e+04   -1.67392e+07    9.11016e+04    4.84580e+04
      Potential    Kinetic En.   Total Energy  Conserved En.    Temperature
   -1.44313e+07    2.57575e+06   -1.18556e+07   -1.27100e+07    2.98243e+02
 Pres. DC (bar) Pressure (bar)   Constr. rmsd
   -1.10630e+02    6.07603e+01    4.42040e-06

           Step           Time
          75000       37.50000

   Energies (kJ/mol)
          Angle    Proper Dih.  Improper Dih.          LJ-14     Coulomb-14
    5.97279e+04    8.35578e+04    3.31971e+03    3.10272e+04   -7.22316e+03
        LJ (SR)  Disper. corr.   Coulomb (SR)   Coul. recip. Position Rest.
    2.03708e+06   -4.34471e+04   -1.67396e+07    9.07416e+04    4.84963e+04
      Potential    Kinetic En.   Total Energy  Conserved En.    Temperature
   -1.44363e+07    2.57632e+06   -1.18600e+07   -1.27099e+07    2.98310e+02
 Pres. DC (bar) Pressure (bar)   Constr. rmsd
   -1.10568e+02    2.00194e+01    4.47426e-06

           Step           Time
          76000       38.00000

   Energies (kJ/mol)
          Angle    Proper Dih.  Improper Dih.          LJ-14     Coulomb-14
    6.00584e+04    8.35846e+04    3.37564e+03    3.04330e+04   -7.50901e+03
        LJ (SR)  Disper. corr.   Coulomb (SR)   Coul. recip. Position Rest.
    2.03980e+06   -4.34300e+04   -1.67446e+07    9.05636e+04    4.89947e+04
      Potential    Kinetic En.   Total Energy  Conserved En.    Temperature
   -1.44387e+07    2.57787e+06   -1.18609e+07   -1.27095e+07    2.98490e+02
 Pres. DC (bar) Pressure (bar)   Constr. rmsd
   -1.10481e+02    1.25250e+00    4.43656e-06

           Step           Time
          77000       38.50000

   Energies (kJ/mol)
          Angle    Proper Dih.  Improper Dih.          LJ-14     Coulomb-14
    6.03117e+04    8.37952e+04    3.25857e+03    3.07040e+04   -7.24800e+03
        LJ (SR)  Disper. corr.   Coulomb (SR)   Coul. recip. Position Rest.
    2.04287e+06   -4.34115e+04   -1.67470e+07    9.05161e+04    4.85784e+04
      Potential    Kinetic En.   Total Energy  Conserved En.    Temperature
   -1.44376e+07    2.57328e+06   -1.18644e+07   -1.27092e+07    2.97958e+02
 Pres. DC (bar) Pressure (bar)   Constr. rmsd
   -1.10387e+02    1.77383e+01    4.43586e-06

           Step           Time
          78000       39.00000

   Energies (kJ/mol)
          Angle    Proper Dih.  Improper Dih.          LJ-14     Coulomb-14
    6.02781e+04    8.40350e+04    3.31220e+03    3.06384e+04   -7.26362e+03
        LJ (SR)  Disper. corr.   Coulomb (SR)   Coul. recip. Position Rest.
    2.04011e+06   -4.33861e+04   -1.67473e+07    9.08190e+04    4.85486e+04
      Potential    Kinetic En.   Total Energy  Conserved En.    Temperature
   -1.44403e+07    2.57663e+06   -1.18636e+07   -1.27090e+07    2.98346e+02
 Pres. DC (bar) Pressure (bar)   Constr. rmsd
   -1.10258e+02    4.83766e+00    4.41744e-06

           Step           Time
          79000       39.50000

   Energies (kJ/mol)
          Angle    Proper Dih.  Improper Dih.          LJ-14     Coulomb-14
    5.97585e+04    8.38855e+04    3.23589e+03    3.08750e+04   -6.64165e+03
        LJ (SR)  Disper. corr.   Coulomb (SR)   Coul. recip. Position Rest.
    2.04035e+06   -4.33687e+04   -1.67516e+07    9.06935e+04    4.80544e+04
      Potential    Kinetic En.   Total Energy  Conserved En.    Temperature
   -1.44447e+07    2.57706e+06   -1.18677e+07   -1.27088e+07    2.98396e+02
 Pres. DC (bar) Pressure (bar)   Constr. rmsd
   -1.10169e+02    1.87936e+01    4.47108e-06

           Step           Time
          80000       40.00000

   Energies (kJ/mol)
          Angle    Proper Dih.  Improper Dih.          LJ-14     Coulomb-14
    5.98786e+04    8.36388e+04    3.13981e+03    3.08219e+04   -7.43426e+03
        LJ (SR)  Disper. corr.   Coulomb (SR)   Coul. recip. Position Rest.
    2.04389e+06   -4.33458e+04   -1.67546e+07    9.04025e+04    4.77898e+04
      Potential    Kinetic En.   Total Energy  Conserved En.    Temperature
   -1.44459e+07    2.58038e+06   -1.18655e+07   -1.27084e+07    2.98780e+02
 Pres. DC (bar) Pressure (bar)   Constr. rmsd
   -1.10053e+02    7.26434e+00    4.44104e-06

           Step           Time
          81000       40.50000

   Energies (kJ/mol)
          Angle    Proper Dih.  Improper Dih.          LJ-14     Coulomb-14
    5.97327e+04    8.37917e+04    3.23934e+03    3.06630e+04   -6.45880e+03
        LJ (SR)  Disper. corr.   Coulomb (SR)   Coul. recip. Position Rest.
    2.03799e+06   -4.33187e+04   -1.67443e+07    9.02507e+04    4.78445e+04
      Potential    Kinetic En.   Total Energy  Conserved En.    Temperature
   -1.44405e+07    2.57998e+06   -1.18605e+07   -1.27083e+07    2.98734e+02
 Pres. DC (bar) Pressure (bar)   Constr. rmsd
   -1.09915e+02    1.24395e+00    4.44250e-06

           Step           Time
          82000       41.00000

   Energies (kJ/mol)
          Angle    Proper Dih.  Improper Dih.          LJ-14     Coulomb-14
    5.97269e+04    8.37313e+04    3.19616e+03    3.07258e+04   -7.15253e+03
        LJ (SR)  Disper. corr.   Coulomb (SR)   Coul. recip. Position Rest.
    2.03751e+06   -4.32981e+04   -1.67453e+07    9.01039e+04    4.78561e+04
      Potential    Kinetic En.   Total Energy  Conserved En.    Temperature
   -1.44429e+07    2.57948e+06   -1.18634e+07   -1.27080e+07    2.98676e+02
 Pres. DC (bar) Pressure (bar)   Constr. rmsd
   -1.09811e+02    2.54297e+01    4.43674e-06

           Step           Time
          83000       41.50000

   Energies (kJ/mol)
          Angle    Proper Dih.  Improper Dih.          LJ-14     Coulomb-14
    5.98246e+04    8.36918e+04    3.24364e+03    3.07354e+04   -7.03837e+03
        LJ (SR)  Disper. corr.   Coulomb (SR)   Coul. recip. Position Rest.
    2.03760e+06   -4.32826e+04   -1.67496e+07    9.02157e+04    4.74744e+04
      Potential    Kinetic En.   Total Energy  Conserved En.    Temperature
   -1.44472e+07    2.57990e+06   -1.18673e+07   -1.27078e+07    2.98724e+02
 Pres. DC (bar) Pressure (bar)   Constr. rmsd
   -1.09732e+02    3.08863e+01    4.43463e-06

           Step           Time
          84000       42.00000

   Energies (kJ/mol)
          Angle    Proper Dih.  Improper Dih.          LJ-14     Coulomb-14
    5.97160e+04    8.36548e+04    3.18365e+03    3.07307e+04   -7.05214e+03
        LJ (SR)  Disper. corr.   Coulomb (SR)   Coul. recip. Position Rest.
    2.04083e+06   -4.32593e+04   -1.67552e+07    9.03968e+04    4.78640e+04
      Potential    Kinetic En.   Total Energy  Conserved En.    Temperature
   -1.44491e+07    2.58146e+06   -1.18677e+07   -1.27076e+07    2.98905e+02
 Pres. DC (bar) Pressure (bar)   Constr. rmsd
   -1.09614e+02    3.37946e+01    4.40953e-06

           Step           Time
          85000       42.50000

   Energies (kJ/mol)
          Angle    Proper Dih.  Improper Dih.          LJ-14     Coulomb-14
    5.98346e+04    8.37221e+04    3.14581e+03    3.08973e+04   -7.67717e+03
        LJ (SR)  Disper. corr.   Coulomb (SR)   Coul. recip. Position Rest.
    2.04378e+06   -4.32327e+04   -1.67584e+07    9.07444e+04    4.75749e+04
      Potential    Kinetic En.   Total Energy  Conserved En.    Temperature
   -1.44496e+07    2.58201e+06   -1.18676e+07   -1.27073e+07    2.98969e+02
 Pres. DC (bar) Pressure (bar)   Constr. rmsd
   -1.09479e+02    6.91064e+01    4.46181e-06

           Step           Time
          86000       43.00000

   Energies (kJ/mol)
          Angle    Proper Dih.  Improper Dih.          LJ-14     Coulomb-14
    5.97802e+04    8.38636e+04    3.29391e+03    3.07057e+04   -7.64406e+03
        LJ (SR)  Disper. corr.   Coulomb (SR)   Coul. recip. Position Rest.
    2.04236e+06   -4.32031e+04   -1.67561e+07    8.96167e+04    4.73146e+04
      Potential    Kinetic En.   Total Energy  Conserved En.    Temperature
   -1.44500e+07    2.57612e+06   -1.18738e+07   -1.27071e+07    2.98287e+02
 Pres. DC (bar) Pressure (bar)   Constr. rmsd
   -1.09330e+02    3.47341e+01    4.44906e-06

           Step           Time
          87000       43.50000

   Energies (kJ/mol)
          Angle    Proper Dih.  Improper Dih.          LJ-14     Coulomb-14
    5.95995e+04    8.36937e+04    3.23853e+03    3.08409e+04   -7.05361e+03
        LJ (SR)  Disper. corr.   Coulomb (SR)   Coul. recip. Position Rest.
    2.03590e+06   -4.31669e+04   -1.67532e+07    8.98218e+04    4.72261e+04
      Potential    Kinetic En.   Total Energy  Conserved En.    Temperature
   -1.44531e+07    2.57540e+06   -1.18777e+07   -1.27067e+07    2.98203e+02
 Pres. DC (bar) Pressure (bar)   Constr. rmsd
   -1.09146e+02    7.68135e-01    4.42361e-06

           Step           Time
          88000       44.00000

   Energies (kJ/mol)
          Angle    Proper Dih.  Improper Dih.          LJ-14     Coulomb-14
    5.95942e+04    8.35106e+04    3.37314e+03    3.06103e+04   -7.46291e+03
        LJ (SR)  Disper. corr.   Coulomb (SR)   Coul. recip. Position Rest.
    2.04340e+06   -4.31410e+04   -1.67619e+07    9.01254e+04    4.75998e+04
      Potential    Kinetic En.   Total Energy  Conserved En.    Temperature
   -1.44543e+07    2.57936e+06   -1.18749e+07   -1.27065e+07    2.98661e+02
 Pres. DC (bar) Pressure (bar)   Constr. rmsd
   -1.09016e+02    4.43059e+01    4.45610e-06

           Step           Time
          89000       44.50000

   Energies (kJ/mol)
          Angle    Proper Dih.  Improper Dih.          LJ-14     Coulomb-14
    5.87873e+04    8.37044e+04    3.24333e+03    3.08808e+04   -7.30547e+03
        LJ (SR)  Disper. corr.   Coulomb (SR)   Coul. recip. Position Rest.
    2.04148e+06   -4.31054e+04   -1.67630e+07    9.02463e+04    4.68819e+04
      Potential    Kinetic En.   Total Energy  Conserved En.    Temperature
   -1.44582e+07    2.58042e+06   -1.18778e+07   -1.27062e+07    2.98785e+02
 Pres. DC (bar) Pressure (bar)   Constr. rmsd
   -1.08836e+02    4.99556e+01    4.41045e-06

Writing checkpoint, step 89400 at Mon Dec 12 17:30:35 2022


           Step           Time
          90000       45.00000

   Energies (kJ/mol)
          Angle    Proper Dih.  Improper Dih.          LJ-14     Coulomb-14
    5.91772e+04    8.36201e+04    3.36825e+03    3.06847e+04   -7.34066e+03
        LJ (SR)  Disper. corr.   Coulomb (SR)   Coul. recip. Position Rest.
    2.04298e+06   -4.30805e+04   -1.67658e+07    8.99642e+04    4.70131e+04
      Potential    Kinetic En.   Total Energy  Conserved En.    Temperature
   -1.44594e+07    2.57800e+06   -1.18814e+07   -1.27059e+07    2.98505e+02
 Pres. DC (bar) Pressure (bar)   Constr. rmsd
   -1.08710e+02    3.85323e+01    4.45895e-06

           Step           Time
          91000       45.50000

   Energies (kJ/mol)
          Angle    Proper Dih.  Improper Dih.          LJ-14     Coulomb-14
    5.96221e+04    8.34178e+04    3.22611e+03    3.06397e+04   -7.42752e+03
        LJ (SR)  Disper. corr.   Coulomb (SR)   Coul. recip. Position Rest.
    2.04026e+06   -4.30394e+04   -1.67637e+07    8.94360e+04    4.65695e+04
      Potential    Kinetic En.   Total Energy  Conserved En.    Temperature
   -1.44610e+07    2.57868e+06   -1.18824e+07   -1.27056e+07    2.98583e+02
 Pres. DC (bar) Pressure (bar)   Constr. rmsd
   -1.08503e+02    3.89603e+01    4.47389e-06

           Step           Time
          92000       46.00000

   Energies (kJ/mol)
          Angle    Proper Dih.  Improper Dih.          LJ-14     Coulomb-14
    5.91690e+04    8.31573e+04    3.21125e+03    3.06295e+04   -7.00403e+03
        LJ (SR)  Disper. corr.   Coulomb (SR)   Coul. recip. Position Rest.
    2.04446e+06   -4.30071e+04   -1.67650e+07    9.01321e+04    4.63784e+04
      Potential    Kinetic En.   Total Energy  Conserved En.    Temperature
   -1.44579e+07    2.57423e+06   -1.18837e+07   -1.27055e+07    2.98068e+02
 Pres. DC (bar) Pressure (bar)   Constr. rmsd
   -1.08340e+02    6.90954e+01    4.45880e-06

           Step           Time
          93000       46.50000

   Energies (kJ/mol)
          Angle    Proper Dih.  Improper Dih.          LJ-14     Coulomb-14
    5.91886e+04    8.37181e+04    3.28169e+03    3.07685e+04   -7.76727e+03
        LJ (SR)  Disper. corr.   Coulomb (SR)   Coul. recip. Position Rest.
    2.04076e+06   -4.29668e+04   -1.67616e+07    8.97796e+04    4.63877e+04
      Potential    Kinetic En.   Total Energy  Conserved En.    Temperature
   -1.44584e+07    2.58049e+06   -1.18780e+07   -1.27051e+07    2.98793e+02
 Pres. DC (bar) Pressure (bar)   Constr. rmsd
   -1.08137e+02    1.35354e+01    4.42848e-06

           Step           Time
          94000       47.00000

   Energies (kJ/mol)
          Angle    Proper Dih.  Improper Dih.          LJ-14     Coulomb-14
    5.96705e+04    8.34965e+04    3.37358e+03    3.06599e+04   -7.30461e+03
        LJ (SR)  Disper. corr.   Coulomb (SR)   Coul. recip. Position Rest.
    2.04284e+06   -4.29263e+04   -1.67623e+07    8.97478e+04    4.60604e+04
      Potential    Kinetic En.   Total Energy  Conserved En.    Temperature
   -1.44567e+07    2.57889e+06   -1.18778e+07   -1.27048e+07    2.98607e+02
 Pres. DC (bar) Pressure (bar)   Constr. rmsd
   -1.07933e+02    5.17169e+01    4.45604e-06

           Step           Time
          95000       47.50000

   Energies (kJ/mol)
          Angle    Proper Dih.  Improper Dih.          LJ-14     Coulomb-14
    5.91395e+04    8.33862e+04    3.19724e+03    3.05513e+04   -7.47701e+03
        LJ (SR)  Disper. corr.   Coulomb (SR)   Coul. recip. Position Rest.
    2.04356e+06   -4.28838e+04   -1.67623e+07    8.98155e+04    4.61547e+04
      Potential    Kinetic En.   Total Energy  Conserved En.    Temperature
   -1.44569e+07    2.57974e+06   -1.18771e+07   -1.27046e+07    2.98706e+02
 Pres. DC (bar) Pressure (bar)   Constr. rmsd
   -1.07720e+02    8.22720e+01    4.43574e-06

           Step           Time
          96000       48.00000

   Energies (kJ/mol)
          Angle    Proper Dih.  Improper Dih.          LJ-14     Coulomb-14
    5.87329e+04    8.32499e+04    3.22965e+03    3.05524e+04   -7.29672e+03
        LJ (SR)  Disper. corr.   Coulomb (SR)   Coul. recip. Position Rest.
    2.04026e+06   -4.28468e+04   -1.67572e+07    9.01185e+04    4.61284e+04
      Potential    Kinetic En.   Total Energy  Conserved En.    Temperature
   -1.44551e+07    2.57747e+06   -1.18776e+07   -1.27042e+07    2.98443e+02
 Pres. DC (bar) Pressure (bar)   Constr. rmsd
   -1.07534e+02    4.30119e+01    4.48972e-06

           Step           Time
          97000       48.50000

   Energies (kJ/mol)
          Angle    Proper Dih.  Improper Dih.          LJ-14     Coulomb-14
    5.90093e+04    8.33322e+04    3.16469e+03    3.06400e+04   -6.98035e+03
        LJ (SR)  Disper. corr.   Coulomb (SR)   Coul. recip. Position Rest.
    2.03955e+06   -4.28147e+04   -1.67588e+07    8.97117e+04    4.58838e+04
      Potential    Kinetic En.   Total Energy  Conserved En.    Temperature
   -1.44573e+07    2.57876e+06   -1.18786e+07   -1.27040e+07    2.98592e+02
 Pres. DC (bar) Pressure (bar)   Constr. rmsd
   -1.07373e+02    3.30396e+01    4.44830e-06

           Step           Time
          98000       49.00000

   Energies (kJ/mol)
          Angle    Proper Dih.  Improper Dih.          LJ-14     Coulomb-14
    6.00553e+04    8.34980e+04    3.17728e+03    3.05939e+04   -7.73056e+03
        LJ (SR)  Disper. corr.   Coulomb (SR)   Coul. recip. Position Rest.
    2.03744e+06   -4.27809e+04   -1.67591e+07    8.93802e+04    4.57807e+04
      Potential    Kinetic En.   Total Energy  Conserved En.    Temperature
   -1.44597e+07    2.58204e+06   -1.18776e+07   -1.27037e+07    2.98972e+02
 Pres. DC (bar) Pressure (bar)   Constr. rmsd
   -1.07203e+02    2.45109e+01    4.45870e-06

           Step           Time
          99000       49.50000

   Energies (kJ/mol)
          Angle    Proper Dih.  Improper Dih.          LJ-14     Coulomb-14
    5.91655e+04    8.34365e+04    3.20229e+03    3.06744e+04   -7.09989e+03
        LJ (SR)  Disper. corr.   Coulomb (SR)   Coul. recip. Position Rest.
    2.03845e+06   -4.27556e+04   -1.67609e+07    8.96695e+04    4.56255e+04
      Potential    Kinetic En.   Total Energy  Conserved En.    Temperature
   -1.44605e+07    2.57938e+06   -1.18811e+07   -1.27035e+07    2.98664e+02
 Pres. DC (bar) Pressure (bar)   Constr. rmsd
   -1.07076e+02    1.46410e+01    4.47012e-06

           Step           Time
         100000       50.00000

   Energies (kJ/mol)
          Angle    Proper Dih.  Improper Dih.          LJ-14     Coulomb-14
    5.94475e+04    8.30018e+04    3.00481e+03    3.06417e+04   -7.32853e+03
        LJ (SR)  Disper. corr.   Coulomb (SR)   Coul. recip. Position Rest.
    2.03994e+06   -4.27219e+04   -1.67602e+07    8.96666e+04    4.57456e+04
      Potential    Kinetic En.   Total Energy  Conserved En.    Temperature
   -1.44588e+07    2.57674e+06   -1.18821e+07   -1.27032e+07    2.98358e+02
 Pres. DC (bar) Pressure (bar)   Constr. rmsd
   -1.06908e+02    6.33361e+01    4.47825e-06

           Step           Time
         101000       50.50000

   Energies (kJ/mol)
          Angle    Proper Dih.  Improper Dih.          LJ-14     Coulomb-14
    5.92978e+04    8.34997e+04    3.25695e+03    3.04855e+04   -7.46544e+03
        LJ (SR)  Disper. corr.   Coulomb (SR)   Coul. recip. Position Rest.
    2.04281e+06   -4.26868e+04   -1.67689e+07    8.93807e+04    4.52073e+04
      Potential    Kinetic En.   Total Energy  Conserved En.    Temperature
   -1.44652e+07    2.58311e+06   -1.18820e+07   -1.27029e+07    2.99096e+02
 Pres. DC (bar) Pressure (bar)   Constr. rmsd
   -1.06732e+02    4.52269e+01    4.48216e-06

           Step           Time
         102000       51.00000

   Energies (kJ/mol)
          Angle    Proper Dih.  Improper Dih.          LJ-14     Coulomb-14
    5.85704e+04    8.31215e+04    3.28217e+03    3.07740e+04   -6.60927e+03
        LJ (SR)  Disper. corr.   Coulomb (SR)   Coul. recip. Position Rest.
    2.04340e+06   -4.26456e+04   -1.67715e+07    8.99814e+04    4.50715e+04
      Potential    Kinetic En.   Total Energy  Conserved En.    Temperature
   -1.44665e+07    2.58016e+06   -1.18864e+07   -1.27026e+07    2.98754e+02
 Pres. DC (bar) Pressure (bar)   Constr. rmsd
   -1.06526e+02    6.60813e+01    4.42410e-06

